<?xml version="1.0" encoding="UTF-8"?>
<testsuite name="bigfight.model.weapon.WeaponDataTest" tests="1" skipped="0" failures="0" errors="0" timestamp="2020-07-16T09:37:46" hostname="LAPTOP-4LQP2O2E" time="0.001">
  <properties/>
  <testcase name="test_all_weapon_identity_mappable()" classname="bigfight.model.weapon.WeaponDataTest" time="0.001"/>
  <system-out><![CDATA[]]></system-out>
  <system-err><![CDATA[]]></system-err>
</testsuite>
