<?xml version="1.0" encoding="UTF-8"?>
<testsuite name="bigfight.model.warrior.component.EmpowermentFactoryTest" tests="2" skipped="0" failures="0" errors="0" timestamp="2020-07-16T09:37:46" hostname="LAPTOP-4LQP2O2E" time="0.115">
  <properties/>
  <testcase name="randomGetNew_correctly_gets_the_only_possible_weapon()" classname="bigfight.model.warrior.component.EmpowermentFactoryTest" time="0.049"/>
  <testcase name="randomGetNew_return_default_empowerment_when_full()" classname="bigfight.model.warrior.component.EmpowermentFactoryTest" time="0.066"/>
  <system-out><![CDATA[]]></system-out>
  <system-err><![CDATA[]]></system-err>
</testsuite>
