<?xml version="1.0" encoding="UTF-8"?>
<testsuite name="bigfight.model.weapon.WeaponTest" tests="1" skipped="0" failures="0" errors="0" timestamp="2020-03-28T13:08:51" hostname="LAPTOP-4LQP2O2E" time="0.0">
  <properties/>
  <testcase name="weapon_initialized_and_accessible()" classname="bigfight.model.weapon.WeaponTest" time="0.0"/>
  <system-out><![CDATA[]]></system-out>
  <system-err><![CDATA[]]></system-err>
</testsuite>
