<?xml version="1.0" encoding="UTF-8"?>
<testsuite name="bigfight.model.skill.SkillFactoryTest" tests="1" skipped="0" failures="0" errors="0" timestamp="2020-03-15T15:19:50" hostname="LAPTOP-4LQP2O2E" time="0.02">
  <properties/>
  <testcase name="test_create_skill_with_example_identity_born_as_strong()" classname="bigfight.model.skill.SkillFactoryTest" time="0.02"/>
  <system-out><![CDATA[]]></system-out>
  <system-err><![CDATA[]]></system-err>
</testsuite>
