<?xml version="1.0" encoding="UTF-8"?>
<testsuite name="bigfight.model.weapon.WeaponFactoryTest" tests="1" skipped="0" failures="0" errors="0" timestamp="2020-03-28T09:34:29" hostname="LAPTOP-4LQP2O2E" time="0.012">
  <properties/>
  <testcase name="weapon_create_by_identity()" classname="bigfight.model.weapon.WeaponFactoryTest" time="0.012"/>
  <system-out><![CDATA[]]></system-out>
  <system-err><![CDATA[]]></system-err>
</testsuite>
