<?xml version="1.0" encoding="UTF-8"?>
<testsuite name="bigfight.MainTest" tests="2" skipped="0" failures="0" errors="0" timestamp="2020-03-25T14:24:49" hostname="LAPTOP-4LQP2O2E" time="0.017">
  <properties/>
  <testcase name="dataConfig_initialized()" classname="bigfight.MainTest" time="0.016"/>
  <testcase name="modelFactory_initialized()" classname="bigfight.MainTest" time="0.0"/>
  <system-out><![CDATA[]]></system-out>
  <system-err><![CDATA[]]></system-err>
</testsuite>
