<?xml version="1.0" encoding="UTF-8"?>
<testsuite name="bigfight.combat.CombatEachSkillTest" tests="2" skipped="0" failures="0" errors="0" timestamp="2020-03-27T17:03:44" hostname="LAPTOP-4LQP2O2E" time="0.028">
  <properties/>
  <testcase name="roar_ignore_one_round()" classname="bigfight.combat.CombatEachSkillTest" time="0.009"/>
  <testcase name="apparent_death_survive_deadly_attack()" classname="bigfight.combat.CombatEachSkillTest" time="0.018"/>
  <system-out><![CDATA[]]></system-out>
  <system-err><![CDATA[]]></system-err>
</testsuite>
