<?xml version="1.0" encoding="UTF-8"?>
<testsuite name="bigfight.combat.CombatAlgoTest" tests="3" skipped="0" failures="0" errors="0" timestamp="2020-07-16T09:37:46" hostname="LAPTOP-4LQP2O2E" time="0.003">
  <properties/>
  <testcase name="escapeByAgility_bound_correct()" classname="bigfight.combat.CombatAlgoTest" time="0.001"/>
  <testcase name="ignoreBySpeed_bound_correct()" classname="bigfight.combat.CombatAlgoTest" time="0.0"/>
  <testcase name="multiplyByStrength_bound_correct()" classname="bigfight.combat.CombatAlgoTest" time="0.0"/>
  <system-out><![CDATA[]]></system-out>
  <system-err><![CDATA[]]></system-err>
</testsuite>
