<?xml version="1.0" encoding="UTF-8"?>
<testsuite name="bigfight.model.weapon.WeaponManagerTest" tests="2" skipped="0" failures="0" errors="0" timestamp="2020-03-27T17:03:45" hostname="LAPTOP-4LQP2O2E" time="0.002">
  <properties/>
  <testcase name="get_size()" classname="bigfight.model.weapon.WeaponManagerTest" time="0.0"/>
  <testcase name="initialize_weaponList()" classname="bigfight.model.weapon.WeaponManagerTest" time="0.001"/>
  <system-out><![CDATA[]]></system-out>
  <system-err><![CDATA[]]></system-err>
</testsuite>
