<?xml version="1.0" encoding="UTF-8"?>
<testsuite name="bigfight.model.warrior.component.EmpowermentFactoryTest" tests="2" skipped="0" failures="0" errors="0" timestamp="2020-07-16T07:37:43" hostname="LAPTOP-4LQP2O2E" time="0.152">
  <properties/>
  <testcase name="randomGetNew_correctly_gets_the_only_possible_weapon()" classname="bigfight.model.warrior.component.EmpowermentFactoryTest" time="0.063"/>
  <testcase name="randomGetNew_return_default_empowerment_when_full()" classname="bigfight.model.warrior.component.EmpowermentFactoryTest" time="0.089"/>
  <system-out><![CDATA[]]></system-out>
  <system-err><![CDATA[]]></system-err>
</testsuite>
