<?xml version="1.0" encoding="UTF-8"?>
<testsuite name="bigfight.model.weapon.struct.WeaponIdentityTest" tests="2" skipped="0" failures="0" errors="0" timestamp="2020-07-16T09:37:46" hostname="LAPTOP-4LQP2O2E" time="0.001">
  <properties/>
  <testcase name="test_get_enum_at_index()" classname="bigfight.model.weapon.struct.WeaponIdentityTest" time="0.0"/>
  <testcase name="test_size_correct()" classname="bigfight.model.weapon.struct.WeaponIdentityTest" time="0.001"/>
  <system-out><![CDATA[]]></system-out>
  <system-err><![CDATA[]]></system-err>
</testsuite>
