<?xml version="1.0" encoding="UTF-8"?>
<testsuite name="bigfight.combat.CombatEachSkillTest" tests="2" skipped="0" failures="0" errors="0" timestamp="2020-03-25T14:24:49" hostname="LAPTOP-4LQP2O2E" time="0.021">
  <properties/>
  <testcase name="roar_ignore_one_round()" classname="bigfight.combat.CombatEachSkillTest" time="0.005"/>
  <testcase name="apparent_death_survive_deadly_attack()" classname="bigfight.combat.CombatEachSkillTest" time="0.016"/>
  <system-out><![CDATA[]]></system-out>
  <system-err><![CDATA[]]></system-err>
</testsuite>
